2018-03-22 8:23:16 - PHP Warning:  rmdir(D:/xampp7/htdocs/ytc_templates/opencartfree/so_ladaz/system/storage/cache/so): Directory not empty in D:\xampp7\htdocs\ytc_templates\opencartfree\so_ladaz\admin\controller\common\developer.php on line 70
2018-03-22 8:23:18 - PHP Warning:  rmdir(D:/xampp7/htdocs/ytc_templates/opencartfree/so_ladaz/system/storage/cache/so): Directory not empty in D:\xampp7\htdocs\ytc_templates\opencartfree\so_ladaz\admin\controller\common\developer.php on line 70
2018-03-22 8:30:34 - PHP Warning:  require_once(D:/xampp7/htdocs/ytc_templates/opencartfree/so_ladaz/system/library/so_social/Facebook/autoload.php): failed to open stream: No such file or directory in D:\xampp7\htdocs\ytc_templates\opencartfree\so_ladaz\system\storage\modification\catalog\controller\common\header.php on line 81
2018-03-22 8:30:36 - PHP Warning:  require_once(D:/xampp7/htdocs/ytc_templates/opencartfree/so_ladaz/system/library/so_social/Facebook/autoload.php): failed to open stream: No such file or directory in D:\xampp7\htdocs\ytc_templates\opencartfree\so_ladaz\system\storage\modification\catalog\controller\common\header.php on line 81
2018-03-22 8:30:37 - PHP Warning:  require_once(D:/xampp7/htdocs/ytc_templates/opencartfree/so_ladaz/system/library/so_social/Facebook/autoload.php): failed to open stream: No such file or directory in D:\xampp7\htdocs\ytc_templates\opencartfree\so_ladaz\system\storage\modification\catalog\controller\common\header.php on line 81
2018-03-22 9:17:16 - PHP Warning:  require_once(D:/xampp7/htdocs/ytc_templates/opencartfree/so_ladaz/system/library/so/html_content/Cache_Lite/Lite.php): failed to open stream: No such file or directory in D:\xampp7\htdocs\ytc_templates\opencartfree\so_ladaz\catalog\controller\extension\module\so_html_content.php on line 17
2018-03-22 9:17:38 - PHP Warning:  require_once(D:/xampp7/htdocs/ytc_templates/opencartfree/so_ladaz/system/library/so/html_content/Cache_Lite/Lite.php): failed to open stream: No such file or directory in D:\xampp7\htdocs\ytc_templates\opencartfree\so_ladaz\catalog\controller\extension\module\so_html_content.php on line 17
2018-03-23 3:44:24 - PHP Warning:  rmdir(D:/xampp7/htdocs/ytc_templates/opencartfree/so_ladaz/system/storage/cache/so): Directory not empty in D:\xampp7\htdocs\ytc_templates\opencartfree\so_ladaz\admin\controller\common\developer.php on line 70
2018-03-23 4:12:47 - PHP Warning:  rmdir(D:/xampp7/htdocs/ytc_templates/opencartfree/so_ladaz/system/storage/cache/so): Directory not empty in D:\xampp7\htdocs\ytc_templates\opencartfree\so_ladaz\admin\controller\common\developer.php on line 70
2018-03-23 4:40:11 - PHP Warning:  rmdir(D:/xampp7/htdocs/ytc_templates/opencartfree/so_ladaz/system/storage/cache/so): Directory not empty in D:\xampp7\htdocs\ytc_templates\opencartfree\so_ladaz\admin\controller\common\developer.php on line 70
2018-03-23 8:01:55 - PHP Warning:  rmdir(D:/xampp7/htdocs/ytc_templates/opencartfree/so_ladaz/system/storage/cache/so): Directory not empty in D:\xampp7\htdocs\ytc_templates\opencartfree\so_ladaz\admin\controller\common\developer.php on line 70
2018-04-03 2:02:34 - PHP Warning:  rmdir(E:/xampp7/htdocs/ytc_templates/opencartfree/so_ladaz/system/storage/cache/so): Directory not empty in E:\xampp7\htdocs\ytc_templates\opencartfree\so_ladaz\admin\controller\common\developer.php on line 70
2018-04-03 3:08:26 - PHP Warning:  rmdir(E:/xampp7/htdocs/ytc_templates/opencartfree/so_ladaz/system/storage/cache/so): Directory not empty in E:\xampp7\htdocs\ytc_templates\opencartfree\so_ladaz\admin\controller\common\developer.php on line 70
2018-04-03 3:23:48 - PHP Warning:  rmdir(E:/xampp7/htdocs/ytc_templates/opencartfree/so_ladaz/system/storage/cache/so): Directory not empty in E:\xampp7\htdocs\ytc_templates\opencartfree\so_ladaz\admin\controller\common\developer.php on line 70
2018-04-03 3:29:39 - PHP Notice:  Undefined variable: result in E:\xampp7\htdocs\ytc_templates\opencartfree\so_ladaz\system\storage\modification\catalog\controller\extension\module\featured.php on line 73
2018-04-03 3:29:39 - PHP Notice:  Undefined variable: result in E:\xampp7\htdocs\ytc_templates\opencartfree\so_ladaz\system\storage\modification\catalog\controller\extension\module\featured.php on line 81
2018-04-03 3:29:39 - PHP Notice:  Undefined variable: result in E:\xampp7\htdocs\ytc_templates\opencartfree\so_ladaz\system\storage\modification\catalog\controller\extension\module\featured.php on line 82
2018-04-03 3:29:39 - PHP Notice:  Undefined variable: result in E:\xampp7\htdocs\ytc_templates\opencartfree\so_ladaz\system\storage\modification\catalog\controller\extension\module\featured.php on line 85
2018-04-03 3:29:39 - PHP Notice:  Undefined variable: result in E:\xampp7\htdocs\ytc_templates\opencartfree\so_ladaz\system\storage\modification\catalog\controller\extension\module\featured.php on line 89
2018-04-03 3:29:39 - PHP Notice:  Undefined variable: result in E:\xampp7\htdocs\ytc_templates\opencartfree\so_ladaz\system\storage\modification\catalog\controller\extension\module\featured.php on line 94
2018-04-03 3:29:39 - PHP Notice:  Undefined variable: result in E:\xampp7\htdocs\ytc_templates\opencartfree\so_ladaz\system\storage\modification\catalog\controller\extension\module\featured.php on line 99
2018-04-03 3:29:39 - PHP Notice:  Undefined variable: result in E:\xampp7\htdocs\ytc_templates\opencartfree\so_ladaz\system\storage\modification\catalog\controller\extension\module\featured.php on line 103
2018-04-03 3:29:39 - PHP Notice:  Undefined variable: result in E:\xampp7\htdocs\ytc_templates\opencartfree\so_ladaz\system\storage\modification\catalog\controller\extension\module\featured.php on line 106
2018-04-03 3:29:39 - PHP Notice:  Undefined variable: result in E:\xampp7\htdocs\ytc_templates\opencartfree\so_ladaz\system\storage\modification\catalog\controller\extension\module\featured.php on line 107
2018-04-03 3:29:39 - PHP Notice:  Undefined variable: result in E:\xampp7\htdocs\ytc_templates\opencartfree\so_ladaz\system\storage\modification\catalog\controller\extension\module\featured.php on line 73
2018-04-03 3:29:39 - PHP Notice:  Undefined variable: result in E:\xampp7\htdocs\ytc_templates\opencartfree\so_ladaz\system\storage\modification\catalog\controller\extension\module\featured.php on line 81
2018-04-03 3:29:39 - PHP Notice:  Undefined variable: result in E:\xampp7\htdocs\ytc_templates\opencartfree\so_ladaz\system\storage\modification\catalog\controller\extension\module\featured.php on line 82
2018-04-03 3:29:39 - PHP Notice:  Undefined variable: result in E:\xampp7\htdocs\ytc_templates\opencartfree\so_ladaz\system\storage\modification\catalog\controller\extension\module\featured.php on line 85
2018-04-03 3:29:39 - PHP Notice:  Undefined variable: result in E:\xampp7\htdocs\ytc_templates\opencartfree\so_ladaz\system\storage\modification\catalog\controller\extension\module\featured.php on line 89
2018-04-03 3:29:39 - PHP Notice:  Undefined variable: result in E:\xampp7\htdocs\ytc_templates\opencartfree\so_ladaz\system\storage\modification\catalog\controller\extension\module\featured.php on line 94
2018-04-03 3:29:39 - PHP Notice:  Undefined variable: result in E:\xampp7\htdocs\ytc_templates\opencartfree\so_ladaz\system\storage\modification\catalog\controller\extension\module\featured.php on line 99
2018-04-03 3:29:39 - PHP Notice:  Undefined variable: result in E:\xampp7\htdocs\ytc_templates\opencartfree\so_ladaz\system\storage\modification\catalog\controller\extension\module\featured.php on line 103
2018-04-03 3:29:39 - PHP Notice:  Undefined variable: result in E:\xampp7\htdocs\ytc_templates\opencartfree\so_ladaz\system\storage\modification\catalog\controller\extension\module\featured.php on line 106
2018-04-03 3:29:39 - PHP Notice:  Undefined variable: result in E:\xampp7\htdocs\ytc_templates\opencartfree\so_ladaz\system\storage\modification\catalog\controller\extension\module\featured.php on line 107
2018-04-03 3:29:39 - PHP Notice:  Undefined variable: result in E:\xampp7\htdocs\ytc_templates\opencartfree\so_ladaz\system\storage\modification\catalog\controller\extension\module\featured.php on line 73
2018-04-03 3:29:39 - PHP Notice:  Undefined variable: result in E:\xampp7\htdocs\ytc_templates\opencartfree\so_ladaz\system\storage\modification\catalog\controller\extension\module\featured.php on line 81
2018-04-03 3:29:39 - PHP Notice:  Undefined variable: result in E:\xampp7\htdocs\ytc_templates\opencartfree\so_ladaz\system\storage\modification\catalog\controller\extension\module\featured.php on line 82
2018-04-03 3:29:39 - PHP Notice:  Undefined variable: result in E:\xampp7\htdocs\ytc_templates\opencartfree\so_ladaz\system\storage\modification\catalog\controller\extension\module\featured.php on line 85
2018-04-03 3:29:39 - PHP Notice:  Undefined variable: result in E:\xampp7\htdocs\ytc_templates\opencartfree\so_ladaz\system\storage\modification\catalog\controller\extension\module\featured.php on line 89
2018-04-03 3:29:39 - PHP Notice:  Undefined variable: result in E:\xampp7\htdocs\ytc_templates\opencartfree\so_ladaz\system\storage\modification\catalog\controller\extension\module\featured.php on line 94
2018-04-03 3:29:39 - PHP Notice:  Undefined variable: result in E:\xampp7\htdocs\ytc_templates\opencartfree\so_ladaz\system\storage\modification\catalog\controller\extension\module\featured.php on line 99
2018-04-03 3:29:39 - PHP Notice:  Undefined variable: result in E:\xampp7\htdocs\ytc_templates\opencartfree\so_ladaz\system\storage\modification\catalog\controller\extension\module\featured.php on line 103
2018-04-03 3:29:39 - PHP Notice:  Undefined variable: result in E:\xampp7\htdocs\ytc_templates\opencartfree\so_ladaz\system\storage\modification\catalog\controller\extension\module\featured.php on line 106
2018-04-03 3:29:39 - PHP Notice:  Undefined variable: result in E:\xampp7\htdocs\ytc_templates\opencartfree\so_ladaz\system\storage\modification\catalog\controller\extension\module\featured.php on line 107
2018-04-03 3:29:39 - PHP Notice:  Undefined variable: result in E:\xampp7\htdocs\ytc_templates\opencartfree\so_ladaz\system\storage\modification\catalog\controller\extension\module\featured.php on line 73
2018-04-03 3:29:39 - PHP Notice:  Undefined variable: result in E:\xampp7\htdocs\ytc_templates\opencartfree\so_ladaz\system\storage\modification\catalog\controller\extension\module\featured.php on line 81
2018-04-03 3:29:39 - PHP Notice:  Undefined variable: result in E:\xampp7\htdocs\ytc_templates\opencartfree\so_ladaz\system\storage\modification\catalog\controller\extension\module\featured.php on line 82
2018-04-03 3:29:39 - PHP Notice:  Undefined variable: result in E:\xampp7\htdocs\ytc_templates\opencartfree\so_ladaz\system\storage\modification\catalog\controller\extension\module\featured.php on line 85
2018-04-03 3:29:39 - PHP Notice:  Undefined variable: result in E:\xampp7\htdocs\ytc_templates\opencartfree\so_ladaz\system\storage\modification\catalog\controller\extension\module\featured.php on line 89
2018-04-03 3:29:39 - PHP Notice:  Undefined variable: result in E:\xampp7\htdocs\ytc_templates\opencartfree\so_ladaz\system\storage\modification\catalog\controller\extension\module\featured.php on line 94
2018-04-03 3:29:39 - PHP Notice:  Undefined variable: result in E:\xampp7\htdocs\ytc_templates\opencartfree\so_ladaz\system\storage\modification\catalog\controller\extension\module\featured.php on line 99
2018-04-03 3:29:39 - PHP Notice:  Undefined variable: result in E:\xampp7\htdocs\ytc_templates\opencartfree\so_ladaz\system\storage\modification\catalog\controller\extension\module\featured.php on line 103
2018-04-03 3:29:39 - PHP Notice:  Undefined variable: result in E:\xampp7\htdocs\ytc_templates\opencartfree\so_ladaz\system\storage\modification\catalog\controller\extension\module\featured.php on line 106
2018-04-03 3:29:39 - PHP Notice:  Undefined variable: result in E:\xampp7\htdocs\ytc_templates\opencartfree\so_ladaz\system\storage\modification\catalog\controller\extension\module\featured.php on line 107
2018-04-03 3:29:39 - PHP Notice:  Undefined variable: result in E:\xampp7\htdocs\ytc_templates\opencartfree\so_ladaz\system\storage\modification\catalog\controller\extension\module\featured.php on line 73
2018-04-03 3:29:39 - PHP Notice:  Undefined variable: result in E:\xampp7\htdocs\ytc_templates\opencartfree\so_ladaz\system\storage\modification\catalog\controller\extension\module\featured.php on line 81
2018-04-03 3:29:39 - PHP Notice:  Undefined variable: result in E:\xampp7\htdocs\ytc_templates\opencartfree\so_ladaz\system\storage\modification\catalog\controller\extension\module\featured.php on line 82
2018-04-03 3:29:39 - PHP Notice:  Undefined variable: result in E:\xampp7\htdocs\ytc_templates\opencartfree\so_ladaz\system\storage\modification\catalog\controller\extension\module\featured.php on line 85
2018-04-03 3:29:39 - PHP Notice:  Undefined variable: result in E:\xampp7\htdocs\ytc_templates\opencartfree\so_ladaz\system\storage\modification\catalog\controller\extension\module\featured.php on line 89
2018-04-03 3:29:39 - PHP Notice:  Undefined variable: result in E:\xampp7\htdocs\ytc_templates\opencartfree\so_ladaz\system\storage\modification\catalog\controller\extension\module\featured.php on line 94
2018-04-03 3:29:39 - PHP Notice:  Undefined variable: result in E:\xampp7\htdocs\ytc_templates\opencartfree\so_ladaz\system\storage\modification\catalog\controller\extension\module\featured.php on line 99
2018-04-03 3:29:39 - PHP Notice:  Undefined variable: result in E:\xampp7\htdocs\ytc_templates\opencartfree\so_ladaz\system\storage\modification\catalog\controller\extension\module\featured.php on line 103
2018-04-03 3:29:39 - PHP Notice:  Undefined variable: result in E:\xampp7\htdocs\ytc_templates\opencartfree\so_ladaz\system\storage\modification\catalog\controller\extension\module\featured.php on line 106
2018-04-03 3:29:39 - PHP Notice:  Undefined variable: result in E:\xampp7\htdocs\ytc_templates\opencartfree\so_ladaz\system\storage\modification\catalog\controller\extension\module\featured.php on line 107
2018-04-03 3:29:39 - PHP Notice:  Undefined variable: result in E:\xampp7\htdocs\ytc_templates\opencartfree\so_ladaz\system\storage\modification\catalog\controller\extension\module\featured.php on line 73
2018-04-03 3:29:39 - PHP Notice:  Undefined variable: result in E:\xampp7\htdocs\ytc_templates\opencartfree\so_ladaz\system\storage\modification\catalog\controller\extension\module\featured.php on line 81
2018-04-03 3:29:39 - PHP Notice:  Undefined variable: result in E:\xampp7\htdocs\ytc_templates\opencartfree\so_ladaz\system\storage\modification\catalog\controller\extension\module\featured.php on line 82
2018-04-03 3:29:39 - PHP Notice:  Undefined variable: result in E:\xampp7\htdocs\ytc_templates\opencartfree\so_ladaz\system\storage\modification\catalog\controller\extension\module\featured.php on line 85
2018-04-03 3:29:39 - PHP Notice:  Undefined variable: result in E:\xampp7\htdocs\ytc_templates\opencartfree\so_ladaz\system\storage\modification\catalog\controller\extension\module\featured.php on line 89
2018-04-03 3:29:39 - PHP Notice:  Undefined variable: result in E:\xampp7\htdocs\ytc_templates\opencartfree\so_ladaz\system\storage\modification\catalog\controller\extension\module\featured.php on line 94
2018-04-03 3:29:39 - PHP Notice:  Undefined variable: result in E:\xampp7\htdocs\ytc_templates\opencartfree\so_ladaz\system\storage\modification\catalog\controller\extension\module\featured.php on line 99
2018-04-03 3:29:39 - PHP Notice:  Undefined variable: result in E:\xampp7\htdocs\ytc_templates\opencartfree\so_ladaz\system\storage\modification\catalog\controller\extension\module\featured.php on line 103
2018-04-03 3:29:39 - PHP Notice:  Undefined variable: result in E:\xampp7\htdocs\ytc_templates\opencartfree\so_ladaz\system\storage\modification\catalog\controller\extension\module\featured.php on line 106
2018-04-03 3:29:39 - PHP Notice:  Undefined variable: result in E:\xampp7\htdocs\ytc_templates\opencartfree\so_ladaz\system\storage\modification\catalog\controller\extension\module\featured.php on line 107
2018-04-03 4:34:55 - PHP Warning:  rmdir(E:/xampp7/htdocs/ytc_templates/opencartfree/so_ladaz/system/storage/cache/so): Directory not empty in E:\xampp7\htdocs\ytc_templates\opencartfree\so_ladaz\admin\controller\common\developer.php on line 70
2018-04-03 7:45:38 - PHP Notice:  Undefined variable: product_info in E:\xampp7\htdocs\ytc_templates\opencartfree\so_ladaz\system\storage\modification\catalog\controller\extension\module\latest.php on line 73
2018-04-03 7:45:38 - PHP Notice:  Undefined variable: product_info in E:\xampp7\htdocs\ytc_templates\opencartfree\so_ladaz\system\storage\modification\catalog\controller\extension\module\latest.php on line 81
2018-04-03 7:45:38 - PHP Notice:  Undefined variable: product_info in E:\xampp7\htdocs\ytc_templates\opencartfree\so_ladaz\system\storage\modification\catalog\controller\extension\module\latest.php on line 82
2018-04-03 7:45:38 - PHP Notice:  Undefined variable: product_info in E:\xampp7\htdocs\ytc_templates\opencartfree\so_ladaz\system\storage\modification\catalog\controller\extension\module\latest.php on line 85
2018-04-03 7:45:38 - PHP Notice:  Undefined variable: product_info in E:\xampp7\htdocs\ytc_templates\opencartfree\so_ladaz\system\storage\modification\catalog\controller\extension\module\latest.php on line 89
2018-04-03 7:45:38 - PHP Notice:  Undefined variable: product_info in E:\xampp7\htdocs\ytc_templates\opencartfree\so_ladaz\system\storage\modification\catalog\controller\extension\module\latest.php on line 94
2018-04-03 7:45:38 - PHP Notice:  Undefined variable: product_info in E:\xampp7\htdocs\ytc_templates\opencartfree\so_ladaz\system\storage\modification\catalog\controller\extension\module\latest.php on line 99
2018-04-03 7:45:38 - PHP Notice:  Undefined variable: product_info in E:\xampp7\htdocs\ytc_templates\opencartfree\so_ladaz\system\storage\modification\catalog\controller\extension\module\latest.php on line 103
2018-04-03 7:45:38 - PHP Notice:  Undefined variable: product_info in E:\xampp7\htdocs\ytc_templates\opencartfree\so_ladaz\system\storage\modification\catalog\controller\extension\module\latest.php on line 106
2018-04-03 7:45:38 - PHP Notice:  Undefined variable: product_info in E:\xampp7\htdocs\ytc_templates\opencartfree\so_ladaz\system\storage\modification\catalog\controller\extension\module\latest.php on line 107
2018-04-03 7:45:38 - PHP Notice:  Undefined variable: product_info in E:\xampp7\htdocs\ytc_templates\opencartfree\so_ladaz\system\storage\modification\catalog\controller\extension\module\latest.php on line 73
2018-04-03 7:45:38 - PHP Notice:  Undefined variable: product_info in E:\xampp7\htdocs\ytc_templates\opencartfree\so_ladaz\system\storage\modification\catalog\controller\extension\module\latest.php on line 81
2018-04-03 7:45:38 - PHP Notice:  Undefined variable: product_info in E:\xampp7\htdocs\ytc_templates\opencartfree\so_ladaz\system\storage\modification\catalog\controller\extension\module\latest.php on line 82
2018-04-03 7:45:38 - PHP Notice:  Undefined variable: product_info in E:\xampp7\htdocs\ytc_templates\opencartfree\so_ladaz\system\storage\modification\catalog\controller\extension\module\latest.php on line 85
2018-04-03 7:45:38 - PHP Notice:  Undefined variable: product_info in E:\xampp7\htdocs\ytc_templates\opencartfree\so_ladaz\system\storage\modification\catalog\controller\extension\module\latest.php on line 89
2018-04-03 7:45:38 - PHP Notice:  Undefined variable: product_info in E:\xampp7\htdocs\ytc_templates\opencartfree\so_ladaz\system\storage\modification\catalog\controller\extension\module\latest.php on line 94
2018-04-03 7:45:38 - PHP Notice:  Undefined variable: product_info in E:\xampp7\htdocs\ytc_templates\opencartfree\so_ladaz\system\storage\modification\catalog\controller\extension\module\latest.php on line 99
2018-04-03 7:45:38 - PHP Notice:  Undefined variable: product_info in E:\xampp7\htdocs\ytc_templates\opencartfree\so_ladaz\system\storage\modification\catalog\controller\extension\module\latest.php on line 103
2018-04-03 7:45:38 - PHP Notice:  Undefined variable: product_info in E:\xampp7\htdocs\ytc_templates\opencartfree\so_ladaz\system\storage\modification\catalog\controller\extension\module\latest.php on line 106
2018-04-03 7:45:38 - PHP Notice:  Undefined variable: product_info in E:\xampp7\htdocs\ytc_templates\opencartfree\so_ladaz\system\storage\modification\catalog\controller\extension\module\latest.php on line 107
2018-04-03 7:45:38 - PHP Notice:  Undefined variable: product_info in E:\xampp7\htdocs\ytc_templates\opencartfree\so_ladaz\system\storage\modification\catalog\controller\extension\module\latest.php on line 73
2018-04-03 7:45:38 - PHP Notice:  Undefined variable: product_info in E:\xampp7\htdocs\ytc_templates\opencartfree\so_ladaz\system\storage\modification\catalog\controller\extension\module\latest.php on line 81
2018-04-03 7:45:38 - PHP Notice:  Undefined variable: product_info in E:\xampp7\htdocs\ytc_templates\opencartfree\so_ladaz\system\storage\modification\catalog\controller\extension\module\latest.php on line 82
2018-04-03 7:45:38 - PHP Notice:  Undefined variable: product_info in E:\xampp7\htdocs\ytc_templates\opencartfree\so_ladaz\system\storage\modification\catalog\controller\extension\module\latest.php on line 85
2018-04-03 7:45:38 - PHP Notice:  Undefined variable: product_info in E:\xampp7\htdocs\ytc_templates\opencartfree\so_ladaz\system\storage\modification\catalog\controller\extension\module\latest.php on line 89
2018-04-03 7:45:38 - PHP Notice:  Undefined variable: product_info in E:\xampp7\htdocs\ytc_templates\opencartfree\so_ladaz\system\storage\modification\catalog\controller\extension\module\latest.php on line 94
2018-04-03 7:45:38 - PHP Notice:  Undefined variable: product_info in E:\xampp7\htdocs\ytc_templates\opencartfree\so_ladaz\system\storage\modification\catalog\controller\extension\module\latest.php on line 99
2018-04-03 7:45:38 - PHP Notice:  Undefined variable: product_info in E:\xampp7\htdocs\ytc_templates\opencartfree\so_ladaz\system\storage\modification\catalog\controller\extension\module\latest.php on line 103
2018-04-03 7:45:38 - PHP Notice:  Undefined variable: product_info in E:\xampp7\htdocs\ytc_templates\opencartfree\so_ladaz\system\storage\modification\catalog\controller\extension\module\latest.php on line 106
2018-04-03 7:45:38 - PHP Notice:  Undefined variable: product_info in E:\xampp7\htdocs\ytc_templates\opencartfree\so_ladaz\system\storage\modification\catalog\controller\extension\module\latest.php on line 107
2018-04-03 7:45:38 - PHP Notice:  Undefined variable: product_info in E:\xampp7\htdocs\ytc_templates\opencartfree\so_ladaz\system\storage\modification\catalog\controller\extension\module\latest.php on line 73
2018-04-03 7:45:38 - PHP Notice:  Undefined variable: product_info in E:\xampp7\htdocs\ytc_templates\opencartfree\so_ladaz\system\storage\modification\catalog\controller\extension\module\latest.php on line 81
2018-04-03 7:45:38 - PHP Notice:  Undefined variable: product_info in E:\xampp7\htdocs\ytc_templates\opencartfree\so_ladaz\system\storage\modification\catalog\controller\extension\module\latest.php on line 82
2018-04-03 7:45:38 - PHP Notice:  Undefined variable: product_info in E:\xampp7\htdocs\ytc_templates\opencartfree\so_ladaz\system\storage\modification\catalog\controller\extension\module\latest.php on line 85
2018-04-03 7:45:38 - PHP Notice:  Undefined variable: product_info in E:\xampp7\htdocs\ytc_templates\opencartfree\so_ladaz\system\storage\modification\catalog\controller\extension\module\latest.php on line 89
2018-04-03 7:45:38 - PHP Notice:  Undefined variable: product_info in E:\xampp7\htdocs\ytc_templates\opencartfree\so_ladaz\system\storage\modification\catalog\controller\extension\module\latest.php on line 94
2018-04-03 7:45:38 - PHP Notice:  Undefined variable: product_info in E:\xampp7\htdocs\ytc_templates\opencartfree\so_ladaz\system\storage\modification\catalog\controller\extension\module\latest.php on line 99
2018-04-03 7:45:38 - PHP Notice:  Undefined variable: product_info in E:\xampp7\htdocs\ytc_templates\opencartfree\so_ladaz\system\storage\modification\catalog\controller\extension\module\latest.php on line 103
2018-04-03 7:45:38 - PHP Notice:  Undefined variable: product_info in E:\xampp7\htdocs\ytc_templates\opencartfree\so_ladaz\system\storage\modification\catalog\controller\extension\module\latest.php on line 106
2018-04-03 7:45:38 - PHP Notice:  Undefined variable: product_info in E:\xampp7\htdocs\ytc_templates\opencartfree\so_ladaz\system\storage\modification\catalog\controller\extension\module\latest.php on line 107
2018-04-03 7:45:38 - PHP Notice:  Undefined variable: product_info in E:\xampp7\htdocs\ytc_templates\opencartfree\so_ladaz\system\storage\modification\catalog\controller\extension\module\latest.php on line 73
2018-04-03 7:45:38 - PHP Notice:  Undefined variable: product_info in E:\xampp7\htdocs\ytc_templates\opencartfree\so_ladaz\system\storage\modification\catalog\controller\extension\module\latest.php on line 81
2018-04-03 7:45:38 - PHP Notice:  Undefined variable: product_info in E:\xampp7\htdocs\ytc_templates\opencartfree\so_ladaz\system\storage\modification\catalog\controller\extension\module\latest.php on line 82
2018-04-03 7:45:38 - PHP Notice:  Undefined variable: product_info in E:\xampp7\htdocs\ytc_templates\opencartfree\so_ladaz\system\storage\modification\catalog\controller\extension\module\latest.php on line 85
2018-04-03 7:45:38 - PHP Notice:  Undefined variable: product_info in E:\xampp7\htdocs\ytc_templates\opencartfree\so_ladaz\system\storage\modification\catalog\controller\extension\module\latest.php on line 89
2018-04-03 7:45:38 - PHP Notice:  Undefined variable: product_info in E:\xampp7\htdocs\ytc_templates\opencartfree\so_ladaz\system\storage\modification\catalog\controller\extension\module\latest.php on line 94
2018-04-03 7:45:38 - PHP Notice:  Undefined variable: product_info in E:\xampp7\htdocs\ytc_templates\opencartfree\so_ladaz\system\storage\modification\catalog\controller\extension\module\latest.php on line 99
2018-04-03 7:45:38 - PHP Notice:  Undefined variable: product_info in E:\xampp7\htdocs\ytc_templates\opencartfree\so_ladaz\system\storage\modification\catalog\controller\extension\module\latest.php on line 103
2018-04-03 7:45:38 - PHP Notice:  Undefined variable: product_info in E:\xampp7\htdocs\ytc_templates\opencartfree\so_ladaz\system\storage\modification\catalog\controller\extension\module\latest.php on line 106
2018-04-03 7:45:38 - PHP Notice:  Undefined variable: product_info in E:\xampp7\htdocs\ytc_templates\opencartfree\so_ladaz\system\storage\modification\catalog\controller\extension\module\latest.php on line 107
2018-04-03 7:45:38 - PHP Notice:  Undefined variable: product_info in E:\xampp7\htdocs\ytc_templates\opencartfree\so_ladaz\system\storage\modification\catalog\controller\extension\module\latest.php on line 73
2018-04-03 7:45:38 - PHP Notice:  Undefined variable: product_info in E:\xampp7\htdocs\ytc_templates\opencartfree\so_ladaz\system\storage\modification\catalog\controller\extension\module\latest.php on line 81
2018-04-03 7:45:38 - PHP Notice:  Undefined variable: product_info in E:\xampp7\htdocs\ytc_templates\opencartfree\so_ladaz\system\storage\modification\catalog\controller\extension\module\latest.php on line 82
2018-04-03 7:45:38 - PHP Notice:  Undefined variable: product_info in E:\xampp7\htdocs\ytc_templates\opencartfree\so_ladaz\system\storage\modification\catalog\controller\extension\module\latest.php on line 85
2018-04-03 7:45:38 - PHP Notice:  Undefined variable: product_info in E:\xampp7\htdocs\ytc_templates\opencartfree\so_ladaz\system\storage\modification\catalog\controller\extension\module\latest.php on line 89
2018-04-03 7:45:38 - PHP Notice:  Undefined variable: product_info in E:\xampp7\htdocs\ytc_templates\opencartfree\so_ladaz\system\storage\modification\catalog\controller\extension\module\latest.php on line 94
2018-04-03 7:45:38 - PHP Notice:  Undefined variable: product_info in E:\xampp7\htdocs\ytc_templates\opencartfree\so_ladaz\system\storage\modification\catalog\controller\extension\module\latest.php on line 99
2018-04-03 7:45:38 - PHP Notice:  Undefined variable: product_info in E:\xampp7\htdocs\ytc_templates\opencartfree\so_ladaz\system\storage\modification\catalog\controller\extension\module\latest.php on line 103
2018-04-03 7:45:38 - PHP Notice:  Undefined variable: product_info in E:\xampp7\htdocs\ytc_templates\opencartfree\so_ladaz\system\storage\modification\catalog\controller\extension\module\latest.php on line 106
2018-04-03 7:45:38 - PHP Notice:  Undefined variable: product_info in E:\xampp7\htdocs\ytc_templates\opencartfree\so_ladaz\system\storage\modification\catalog\controller\extension\module\latest.php on line 107
2018-04-03 7:45:38 - PHP Notice:  Undefined variable: product_info in E:\xampp7\htdocs\ytc_templates\opencartfree\so_ladaz\system\storage\modification\catalog\controller\extension\module\latest.php on line 73
2018-04-03 7:45:38 - PHP Notice:  Undefined variable: product_info in E:\xampp7\htdocs\ytc_templates\opencartfree\so_ladaz\system\storage\modification\catalog\controller\extension\module\latest.php on line 81
2018-04-03 7:45:38 - PHP Notice:  Undefined variable: product_info in E:\xampp7\htdocs\ytc_templates\opencartfree\so_ladaz\system\storage\modification\catalog\controller\extension\module\latest.php on line 82
2018-04-03 7:45:38 - PHP Notice:  Undefined variable: product_info in E:\xampp7\htdocs\ytc_templates\opencartfree\so_ladaz\system\storage\modification\catalog\controller\extension\module\latest.php on line 85
2018-04-03 7:45:38 - PHP Notice:  Undefined variable: product_info in E:\xampp7\htdocs\ytc_templates\opencartfree\so_ladaz\system\storage\modification\catalog\controller\extension\module\latest.php on line 89
2018-04-03 7:45:38 - PHP Notice:  Undefined variable: product_info in E:\xampp7\htdocs\ytc_templates\opencartfree\so_ladaz\system\storage\modification\catalog\controller\extension\module\latest.php on line 94
2018-04-03 7:45:38 - PHP Notice:  Undefined variable: product_info in E:\xampp7\htdocs\ytc_templates\opencartfree\so_ladaz\system\storage\modification\catalog\controller\extension\module\latest.php on line 99
2018-04-03 7:45:38 - PHP Notice:  Undefined variable: product_info in E:\xampp7\htdocs\ytc_templates\opencartfree\so_ladaz\system\storage\modification\catalog\controller\extension\module\latest.php on line 103
2018-04-03 7:45:38 - PHP Notice:  Undefined variable: product_info in E:\xampp7\htdocs\ytc_templates\opencartfree\so_ladaz\system\storage\modification\catalog\controller\extension\module\latest.php on line 106
2018-04-03 7:45:38 - PHP Notice:  Undefined variable: product_info in E:\xampp7\htdocs\ytc_templates\opencartfree\so_ladaz\system\storage\modification\catalog\controller\extension\module\latest.php on line 107
2018-04-03 7:45:38 - PHP Notice:  Undefined variable: product_info in E:\xampp7\htdocs\ytc_templates\opencartfree\so_ladaz\system\storage\modification\catalog\controller\extension\module\latest.php on line 73
2018-04-03 7:45:38 - PHP Notice:  Undefined variable: product_info in E:\xampp7\htdocs\ytc_templates\opencartfree\so_ladaz\system\storage\modification\catalog\controller\extension\module\latest.php on line 81
2018-04-03 7:45:38 - PHP Notice:  Undefined variable: product_info in E:\xampp7\htdocs\ytc_templates\opencartfree\so_ladaz\system\storage\modification\catalog\controller\extension\module\latest.php on line 82
2018-04-03 7:45:38 - PHP Notice:  Undefined variable: product_info in E:\xampp7\htdocs\ytc_templates\opencartfree\so_ladaz\system\storage\modification\catalog\controller\extension\module\latest.php on line 85
2018-04-03 7:45:38 - PHP Notice:  Undefined variable: product_info in E:\xampp7\htdocs\ytc_templates\opencartfree\so_ladaz\system\storage\modification\catalog\controller\extension\module\latest.php on line 89
2018-04-03 7:45:38 - PHP Notice:  Undefined variable: product_info in E:\xampp7\htdocs\ytc_templates\opencartfree\so_ladaz\system\storage\modification\catalog\controller\extension\module\latest.php on line 94
2018-04-03 7:45:38 - PHP Notice:  Undefined variable: product_info in E:\xampp7\htdocs\ytc_templates\opencartfree\so_ladaz\system\storage\modification\catalog\controller\extension\module\latest.php on line 99
2018-04-03 7:45:38 - PHP Notice:  Undefined variable: product_info in E:\xampp7\htdocs\ytc_templates\opencartfree\so_ladaz\system\storage\modification\catalog\controller\extension\module\latest.php on line 103
2018-04-03 7:45:38 - PHP Notice:  Undefined variable: product_info in E:\xampp7\htdocs\ytc_templates\opencartfree\so_ladaz\system\storage\modification\catalog\controller\extension\module\latest.php on line 106
2018-04-03 7:45:38 - PHP Notice:  Undefined variable: product_info in E:\xampp7\htdocs\ytc_templates\opencartfree\so_ladaz\system\storage\modification\catalog\controller\extension\module\latest.php on line 107
2018-04-03 7:45:45 - PHP Notice:  Undefined variable: product_info in E:\xampp7\htdocs\ytc_templates\opencartfree\so_ladaz\system\storage\modification\catalog\controller\extension\module\latest.php on line 73
2018-04-03 7:45:45 - PHP Notice:  Undefined variable: product_info in E:\xampp7\htdocs\ytc_templates\opencartfree\so_ladaz\system\storage\modification\catalog\controller\extension\module\latest.php on line 81
2018-04-03 7:45:45 - PHP Notice:  Undefined variable: product_info in E:\xampp7\htdocs\ytc_templates\opencartfree\so_ladaz\system\storage\modification\catalog\controller\extension\module\latest.php on line 82
2018-04-03 7:45:45 - PHP Notice:  Undefined variable: product_info in E:\xampp7\htdocs\ytc_templates\opencartfree\so_ladaz\system\storage\modification\catalog\controller\extension\module\latest.php on line 85
2018-04-03 7:45:45 - PHP Notice:  Undefined variable: product_info in E:\xampp7\htdocs\ytc_templates\opencartfree\so_ladaz\system\storage\modification\catalog\controller\extension\module\latest.php on line 89
2018-04-03 7:45:45 - PHP Notice:  Undefined variable: product_info in E:\xampp7\htdocs\ytc_templates\opencartfree\so_ladaz\system\storage\modification\catalog\controller\extension\module\latest.php on line 94
2018-04-03 7:45:45 - PHP Notice:  Undefined variable: product_info in E:\xampp7\htdocs\ytc_templates\opencartfree\so_ladaz\system\storage\modification\catalog\controller\extension\module\latest.php on line 99
2018-04-03 7:45:45 - PHP Notice:  Undefined variable: product_info in E:\xampp7\htdocs\ytc_templates\opencartfree\so_ladaz\system\storage\modification\catalog\controller\extension\module\latest.php on line 103
2018-04-03 7:45:45 - PHP Notice:  Undefined variable: product_info in E:\xampp7\htdocs\ytc_templates\opencartfree\so_ladaz\system\storage\modification\catalog\controller\extension\module\latest.php on line 106
2018-04-03 7:45:45 - PHP Notice:  Undefined variable: product_info in E:\xampp7\htdocs\ytc_templates\opencartfree\so_ladaz\system\storage\modification\catalog\controller\extension\module\latest.php on line 107
2018-04-03 7:45:45 - PHP Notice:  Undefined variable: product_info in E:\xampp7\htdocs\ytc_templates\opencartfree\so_ladaz\system\storage\modification\catalog\controller\extension\module\latest.php on line 73
2018-04-03 7:45:45 - PHP Notice:  Undefined variable: product_info in E:\xampp7\htdocs\ytc_templates\opencartfree\so_ladaz\system\storage\modification\catalog\controller\extension\module\latest.php on line 81
2018-04-03 7:45:45 - PHP Notice:  Undefined variable: product_info in E:\xampp7\htdocs\ytc_templates\opencartfree\so_ladaz\system\storage\modification\catalog\controller\extension\module\latest.php on line 82
2018-04-03 7:45:45 - PHP Notice:  Undefined variable: product_info in E:\xampp7\htdocs\ytc_templates\opencartfree\so_ladaz\system\storage\modification\catalog\controller\extension\module\latest.php on line 85
2018-04-03 7:45:45 - PHP Notice:  Undefined variable: product_info in E:\xampp7\htdocs\ytc_templates\opencartfree\so_ladaz\system\storage\modification\catalog\controller\extension\module\latest.php on line 89
2018-04-03 7:45:45 - PHP Notice:  Undefined variable: product_info in E:\xampp7\htdocs\ytc_templates\opencartfree\so_ladaz\system\storage\modification\catalog\controller\extension\module\latest.php on line 94
2018-04-03 7:45:45 - PHP Notice:  Undefined variable: product_info in E:\xampp7\htdocs\ytc_templates\opencartfree\so_ladaz\system\storage\modification\catalog\controller\extension\module\latest.php on line 99
2018-04-03 7:45:45 - PHP Notice:  Undefined variable: product_info in E:\xampp7\htdocs\ytc_templates\opencartfree\so_ladaz\system\storage\modification\catalog\controller\extension\module\latest.php on line 103
2018-04-03 7:45:45 - PHP Notice:  Undefined variable: product_info in E:\xampp7\htdocs\ytc_templates\opencartfree\so_ladaz\system\storage\modification\catalog\controller\extension\module\latest.php on line 106
2018-04-03 7:45:45 - PHP Notice:  Undefined variable: product_info in E:\xampp7\htdocs\ytc_templates\opencartfree\so_ladaz\system\storage\modification\catalog\controller\extension\module\latest.php on line 107
2018-04-03 7:45:45 - PHP Notice:  Undefined variable: product_info in E:\xampp7\htdocs\ytc_templates\opencartfree\so_ladaz\system\storage\modification\catalog\controller\extension\module\latest.php on line 73
2018-04-03 7:45:45 - PHP Notice:  Undefined variable: product_info in E:\xampp7\htdocs\ytc_templates\opencartfree\so_ladaz\system\storage\modification\catalog\controller\extension\module\latest.php on line 81
2018-04-03 7:45:45 - PHP Notice:  Undefined variable: product_info in E:\xampp7\htdocs\ytc_templates\opencartfree\so_ladaz\system\storage\modification\catalog\controller\extension\module\latest.php on line 82
2018-04-03 7:45:45 - PHP Notice:  Undefined variable: product_info in E:\xampp7\htdocs\ytc_templates\opencartfree\so_ladaz\system\storage\modification\catalog\controller\extension\module\latest.php on line 85
2018-04-03 7:45:45 - PHP Notice:  Undefined variable: product_info in E:\xampp7\htdocs\ytc_templates\opencartfree\so_ladaz\system\storage\modification\catalog\controller\extension\module\latest.php on line 89
2018-04-03 7:45:45 - PHP Notice:  Undefined variable: product_info in E:\xampp7\htdocs\ytc_templates\opencartfree\so_ladaz\system\storage\modification\catalog\controller\extension\module\latest.php on line 94
2018-04-03 7:45:45 - PHP Notice:  Undefined variable: product_info in E:\xampp7\htdocs\ytc_templates\opencartfree\so_ladaz\system\storage\modification\catalog\controller\extension\module\latest.php on line 99
2018-04-03 7:45:45 - PHP Notice:  Undefined variable: product_info in E:\xampp7\htdocs\ytc_templates\opencartfree\so_ladaz\system\storage\modification\catalog\controller\extension\module\latest.php on line 103
2018-04-03 7:45:45 - PHP Notice:  Undefined variable: product_info in E:\xampp7\htdocs\ytc_templates\opencartfree\so_ladaz\system\storage\modification\catalog\controller\extension\module\latest.php on line 106
2018-04-03 7:45:45 - PHP Notice:  Undefined variable: product_info in E:\xampp7\htdocs\ytc_templates\opencartfree\so_ladaz\system\storage\modification\catalog\controller\extension\module\latest.php on line 107
2018-04-03 7:45:45 - PHP Notice:  Undefined variable: product_info in E:\xampp7\htdocs\ytc_templates\opencartfree\so_ladaz\system\storage\modification\catalog\controller\extension\module\latest.php on line 73
2018-04-03 7:45:45 - PHP Notice:  Undefined variable: product_info in E:\xampp7\htdocs\ytc_templates\opencartfree\so_ladaz\system\storage\modification\catalog\controller\extension\module\latest.php on line 81
2018-04-03 7:45:45 - PHP Notice:  Undefined variable: product_info in E:\xampp7\htdocs\ytc_templates\opencartfree\so_ladaz\system\storage\modification\catalog\controller\extension\module\latest.php on line 82
2018-04-03 7:45:45 - PHP Notice:  Undefined variable: product_info in E:\xampp7\htdocs\ytc_templates\opencartfree\so_ladaz\system\storage\modification\catalog\controller\extension\module\latest.php on line 85
2018-04-03 7:45:45 - PHP Notice:  Undefined variable: product_info in E:\xampp7\htdocs\ytc_templates\opencartfree\so_ladaz\system\storage\modification\catalog\controller\extension\module\latest.php on line 89
2018-04-03 7:45:45 - PHP Notice:  Undefined variable: product_info in E:\xampp7\htdocs\ytc_templates\opencartfree\so_ladaz\system\storage\modification\catalog\controller\extension\module\latest.php on line 94
2018-04-03 7:45:45 - PHP Notice:  Undefined variable: product_info in E:\xampp7\htdocs\ytc_templates\opencartfree\so_ladaz\system\storage\modification\catalog\controller\extension\module\latest.php on line 99
2018-04-03 7:45:45 - PHP Notice:  Undefined variable: product_info in E:\xampp7\htdocs\ytc_templates\opencartfree\so_ladaz\system\storage\modification\catalog\controller\extension\module\latest.php on line 103
2018-04-03 7:45:45 - PHP Notice:  Undefined variable: product_info in E:\xampp7\htdocs\ytc_templates\opencartfree\so_ladaz\system\storage\modification\catalog\controller\extension\module\latest.php on line 106
2018-04-03 7:45:45 - PHP Notice:  Undefined variable: product_info in E:\xampp7\htdocs\ytc_templates\opencartfree\so_ladaz\system\storage\modification\catalog\controller\extension\module\latest.php on line 107
2018-04-03 7:45:45 - PHP Notice:  Undefined variable: product_info in E:\xampp7\htdocs\ytc_templates\opencartfree\so_ladaz\system\storage\modification\catalog\controller\extension\module\latest.php on line 73
2018-04-03 7:45:45 - PHP Notice:  Undefined variable: product_info in E:\xampp7\htdocs\ytc_templates\opencartfree\so_ladaz\system\storage\modification\catalog\controller\extension\module\latest.php on line 81
2018-04-03 7:45:45 - PHP Notice:  Undefined variable: product_info in E:\xampp7\htdocs\ytc_templates\opencartfree\so_ladaz\system\storage\modification\catalog\controller\extension\module\latest.php on line 82
2018-04-03 7:45:45 - PHP Notice:  Undefined variable: product_info in E:\xampp7\htdocs\ytc_templates\opencartfree\so_ladaz\system\storage\modification\catalog\controller\extension\module\latest.php on line 85
2018-04-03 7:45:45 - PHP Notice:  Undefined variable: product_info in E:\xampp7\htdocs\ytc_templates\opencartfree\so_ladaz\system\storage\modification\catalog\controller\extension\module\latest.php on line 89
2018-04-03 7:45:45 - PHP Notice:  Undefined variable: product_info in E:\xampp7\htdocs\ytc_templates\opencartfree\so_ladaz\system\storage\modification\catalog\controller\extension\module\latest.php on line 94
2018-04-03 7:45:45 - PHP Notice:  Undefined variable: product_info in E:\xampp7\htdocs\ytc_templates\opencartfree\so_ladaz\system\storage\modification\catalog\controller\extension\module\latest.php on line 99
2018-04-03 7:45:45 - PHP Notice:  Undefined variable: product_info in E:\xampp7\htdocs\ytc_templates\opencartfree\so_ladaz\system\storage\modification\catalog\controller\extension\module\latest.php on line 103
2018-04-03 7:45:45 - PHP Notice:  Undefined variable: product_info in E:\xampp7\htdocs\ytc_templates\opencartfree\so_ladaz\system\storage\modification\catalog\controller\extension\module\latest.php on line 106
2018-04-03 7:45:45 - PHP Notice:  Undefined variable: product_info in E:\xampp7\htdocs\ytc_templates\opencartfree\so_ladaz\system\storage\modification\catalog\controller\extension\module\latest.php on line 107
2018-04-03 7:45:45 - PHP Notice:  Undefined variable: product_info in E:\xampp7\htdocs\ytc_templates\opencartfree\so_ladaz\system\storage\modification\catalog\controller\extension\module\latest.php on line 73
2018-04-03 7:45:45 - PHP Notice:  Undefined variable: product_info in E:\xampp7\htdocs\ytc_templates\opencartfree\so_ladaz\system\storage\modification\catalog\controller\extension\module\latest.php on line 81
2018-04-03 7:45:45 - PHP Notice:  Undefined variable: product_info in E:\xampp7\htdocs\ytc_templates\opencartfree\so_ladaz\system\storage\modification\catalog\controller\extension\module\latest.php on line 82
2018-04-03 7:45:45 - PHP Notice:  Undefined variable: product_info in E:\xampp7\htdocs\ytc_templates\opencartfree\so_ladaz\system\storage\modification\catalog\controller\extension\module\latest.php on line 85
2018-04-03 7:45:45 - PHP Notice:  Undefined variable: product_info in E:\xampp7\htdocs\ytc_templates\opencartfree\so_ladaz\system\storage\modification\catalog\controller\extension\module\latest.php on line 89
2018-04-03 7:45:45 - PHP Notice:  Undefined variable: product_info in E:\xampp7\htdocs\ytc_templates\opencartfree\so_ladaz\system\storage\modification\catalog\controller\extension\module\latest.php on line 94
2018-04-03 7:45:45 - PHP Notice:  Undefined variable: product_info in E:\xampp7\htdocs\ytc_templates\opencartfree\so_ladaz\system\storage\modification\catalog\controller\extension\module\latest.php on line 99
2018-04-03 7:45:45 - PHP Notice:  Undefined variable: product_info in E:\xampp7\htdocs\ytc_templates\opencartfree\so_ladaz\system\storage\modification\catalog\controller\extension\module\latest.php on line 103
2018-04-03 7:45:45 - PHP Notice:  Undefined variable: product_info in E:\xampp7\htdocs\ytc_templates\opencartfree\so_ladaz\system\storage\modification\catalog\controller\extension\module\latest.php on line 106
2018-04-03 7:45:45 - PHP Notice:  Undefined variable: product_info in E:\xampp7\htdocs\ytc_templates\opencartfree\so_ladaz\system\storage\modification\catalog\controller\extension\module\latest.php on line 107
2018-04-03 7:45:45 - PHP Notice:  Undefined variable: product_info in E:\xampp7\htdocs\ytc_templates\opencartfree\so_ladaz\system\storage\modification\catalog\controller\extension\module\latest.php on line 73
2018-04-03 7:45:45 - PHP Notice:  Undefined variable: product_info in E:\xampp7\htdocs\ytc_templates\opencartfree\so_ladaz\system\storage\modification\catalog\controller\extension\module\latest.php on line 81
2018-04-03 7:45:45 - PHP Notice:  Undefined variable: product_info in E:\xampp7\htdocs\ytc_templates\opencartfree\so_ladaz\system\storage\modification\catalog\controller\extension\module\latest.php on line 82
2018-04-03 7:45:45 - PHP Notice:  Undefined variable: product_info in E:\xampp7\htdocs\ytc_templates\opencartfree\so_ladaz\system\storage\modification\catalog\controller\extension\module\latest.php on line 85
2018-04-03 7:45:45 - PHP Notice:  Undefined variable: product_info in E:\xampp7\htdocs\ytc_templates\opencartfree\so_ladaz\system\storage\modification\catalog\controller\extension\module\latest.php on line 89
2018-04-03 7:45:45 - PHP Notice:  Undefined variable: product_info in E:\xampp7\htdocs\ytc_templates\opencartfree\so_ladaz\system\storage\modification\catalog\controller\extension\module\latest.php on line 94
2018-04-03 7:45:45 - PHP Notice:  Undefined variable: product_info in E:\xampp7\htdocs\ytc_templates\opencartfree\so_ladaz\system\storage\modification\catalog\controller\extension\module\latest.php on line 99
2018-04-03 7:45:45 - PHP Notice:  Undefined variable: product_info in E:\xampp7\htdocs\ytc_templates\opencartfree\so_ladaz\system\storage\modification\catalog\controller\extension\module\latest.php on line 103
2018-04-03 7:45:45 - PHP Notice:  Undefined variable: product_info in E:\xampp7\htdocs\ytc_templates\opencartfree\so_ladaz\system\storage\modification\catalog\controller\extension\module\latest.php on line 106
2018-04-03 7:45:45 - PHP Notice:  Undefined variable: product_info in E:\xampp7\htdocs\ytc_templates\opencartfree\so_ladaz\system\storage\modification\catalog\controller\extension\module\latest.php on line 107
2018-04-03 7:45:45 - PHP Notice:  Undefined variable: product_info in E:\xampp7\htdocs\ytc_templates\opencartfree\so_ladaz\system\storage\modification\catalog\controller\extension\module\latest.php on line 73
2018-04-03 7:45:45 - PHP Notice:  Undefined variable: product_info in E:\xampp7\htdocs\ytc_templates\opencartfree\so_ladaz\system\storage\modification\catalog\controller\extension\module\latest.php on line 81
2018-04-03 7:45:45 - PHP Notice:  Undefined variable: product_info in E:\xampp7\htdocs\ytc_templates\opencartfree\so_ladaz\system\storage\modification\catalog\controller\extension\module\latest.php on line 82
2018-04-03 7:45:45 - PHP Notice:  Undefined variable: product_info in E:\xampp7\htdocs\ytc_templates\opencartfree\so_ladaz\system\storage\modification\catalog\controller\extension\module\latest.php on line 85
2018-04-03 7:45:45 - PHP Notice:  Undefined variable: product_info in E:\xampp7\htdocs\ytc_templates\opencartfree\so_ladaz\system\storage\modification\catalog\controller\extension\module\latest.php on line 89
2018-04-03 7:45:45 - PHP Notice:  Undefined variable: product_info in E:\xampp7\htdocs\ytc_templates\opencartfree\so_ladaz\system\storage\modification\catalog\controller\extension\module\latest.php on line 94
2018-04-03 7:45:45 - PHP Notice:  Undefined variable: product_info in E:\xampp7\htdocs\ytc_templates\opencartfree\so_ladaz\system\storage\modification\catalog\controller\extension\module\latest.php on line 99
2018-04-03 7:45:45 - PHP Notice:  Undefined variable: product_info in E:\xampp7\htdocs\ytc_templates\opencartfree\so_ladaz\system\storage\modification\catalog\controller\extension\module\latest.php on line 103
2018-04-03 7:45:45 - PHP Notice:  Undefined variable: product_info in E:\xampp7\htdocs\ytc_templates\opencartfree\so_ladaz\system\storage\modification\catalog\controller\extension\module\latest.php on line 106
2018-04-03 7:45:45 - PHP Notice:  Undefined variable: product_info in E:\xampp7\htdocs\ytc_templates\opencartfree\so_ladaz\system\storage\modification\catalog\controller\extension\module\latest.php on line 107
2018-04-03 7:49:54 - PHP Notice:  Undefined variable: product_info in E:\xampp7\htdocs\ytc_templates\opencartfree\so_ladaz\system\storage\modification\catalog\controller\extension\module\latest.php on line 99
2018-04-03 7:49:54 - PHP Notice:  Undefined variable: product_info in E:\xampp7\htdocs\ytc_templates\opencartfree\so_ladaz\system\storage\modification\catalog\controller\extension\module\latest.php on line 103
2018-04-03 7:49:54 - PHP Notice:  Undefined variable: product_info in E:\xampp7\htdocs\ytc_templates\opencartfree\so_ladaz\system\storage\modification\catalog\controller\extension\module\latest.php on line 106
2018-04-03 7:49:54 - PHP Notice:  Undefined variable: product_info in E:\xampp7\htdocs\ytc_templates\opencartfree\so_ladaz\system\storage\modification\catalog\controller\extension\module\latest.php on line 107
2018-04-03 7:49:54 - PHP Notice:  Undefined variable: product_info in E:\xampp7\htdocs\ytc_templates\opencartfree\so_ladaz\system\storage\modification\catalog\controller\extension\module\latest.php on line 99
2018-04-03 7:49:54 - PHP Notice:  Undefined variable: product_info in E:\xampp7\htdocs\ytc_templates\opencartfree\so_ladaz\system\storage\modification\catalog\controller\extension\module\latest.php on line 103
2018-04-03 7:49:54 - PHP Notice:  Undefined variable: product_info in E:\xampp7\htdocs\ytc_templates\opencartfree\so_ladaz\system\storage\modification\catalog\controller\extension\module\latest.php on line 106
2018-04-03 7:49:54 - PHP Notice:  Undefined variable: product_info in E:\xampp7\htdocs\ytc_templates\opencartfree\so_ladaz\system\storage\modification\catalog\controller\extension\module\latest.php on line 107
2018-04-03 7:49:54 - PHP Notice:  Undefined variable: product_info in E:\xampp7\htdocs\ytc_templates\opencartfree\so_ladaz\system\storage\modification\catalog\controller\extension\module\latest.php on line 99
2018-04-03 7:49:54 - PHP Notice:  Undefined variable: product_info in E:\xampp7\htdocs\ytc_templates\opencartfree\so_ladaz\system\storage\modification\catalog\controller\extension\module\latest.php on line 103
2018-04-03 7:49:54 - PHP Notice:  Undefined variable: product_info in E:\xampp7\htdocs\ytc_templates\opencartfree\so_ladaz\system\storage\modification\catalog\controller\extension\module\latest.php on line 106
2018-04-03 7:49:54 - PHP Notice:  Undefined variable: product_info in E:\xampp7\htdocs\ytc_templates\opencartfree\so_ladaz\system\storage\modification\catalog\controller\extension\module\latest.php on line 107
2018-04-03 7:49:54 - PHP Notice:  Undefined variable: product_info in E:\xampp7\htdocs\ytc_templates\opencartfree\so_ladaz\system\storage\modification\catalog\controller\extension\module\latest.php on line 99
2018-04-03 7:49:54 - PHP Notice:  Undefined variable: product_info in E:\xampp7\htdocs\ytc_templates\opencartfree\so_ladaz\system\storage\modification\catalog\controller\extension\module\latest.php on line 103
2018-04-03 7:49:54 - PHP Notice:  Undefined variable: product_info in E:\xampp7\htdocs\ytc_templates\opencartfree\so_ladaz\system\storage\modification\catalog\controller\extension\module\latest.php on line 106
2018-04-03 7:49:54 - PHP Notice:  Undefined variable: product_info in E:\xampp7\htdocs\ytc_templates\opencartfree\so_ladaz\system\storage\modification\catalog\controller\extension\module\latest.php on line 107
2018-04-03 7:49:54 - PHP Notice:  Undefined variable: product_info in E:\xampp7\htdocs\ytc_templates\opencartfree\so_ladaz\system\storage\modification\catalog\controller\extension\module\latest.php on line 99
2018-04-03 7:49:54 - PHP Notice:  Undefined variable: product_info in E:\xampp7\htdocs\ytc_templates\opencartfree\so_ladaz\system\storage\modification\catalog\controller\extension\module\latest.php on line 103
2018-04-03 7:49:54 - PHP Notice:  Undefined variable: product_info in E:\xampp7\htdocs\ytc_templates\opencartfree\so_ladaz\system\storage\modification\catalog\controller\extension\module\latest.php on line 106
2018-04-03 7:49:54 - PHP Notice:  Undefined variable: product_info in E:\xampp7\htdocs\ytc_templates\opencartfree\so_ladaz\system\storage\modification\catalog\controller\extension\module\latest.php on line 107
2018-04-03 7:49:54 - PHP Notice:  Undefined variable: product_info in E:\xampp7\htdocs\ytc_templates\opencartfree\so_ladaz\system\storage\modification\catalog\controller\extension\module\latest.php on line 99
2018-04-03 7:49:54 - PHP Notice:  Undefined variable: product_info in E:\xampp7\htdocs\ytc_templates\opencartfree\so_ladaz\system\storage\modification\catalog\controller\extension\module\latest.php on line 103
2018-04-03 7:49:54 - PHP Notice:  Undefined variable: product_info in E:\xampp7\htdocs\ytc_templates\opencartfree\so_ladaz\system\storage\modification\catalog\controller\extension\module\latest.php on line 106
2018-04-03 7:49:54 - PHP Notice:  Undefined variable: product_info in E:\xampp7\htdocs\ytc_templates\opencartfree\so_ladaz\system\storage\modification\catalog\controller\extension\module\latest.php on line 107
2018-04-03 7:49:54 - PHP Notice:  Undefined variable: product_info in E:\xampp7\htdocs\ytc_templates\opencartfree\so_ladaz\system\storage\modification\catalog\controller\extension\module\latest.php on line 99
2018-04-03 7:49:54 - PHP Notice:  Undefined variable: product_info in E:\xampp7\htdocs\ytc_templates\opencartfree\so_ladaz\system\storage\modification\catalog\controller\extension\module\latest.php on line 103
2018-04-03 7:49:54 - PHP Notice:  Undefined variable: product_info in E:\xampp7\htdocs\ytc_templates\opencartfree\so_ladaz\system\storage\modification\catalog\controller\extension\module\latest.php on line 106
2018-04-03 7:49:54 - PHP Notice:  Undefined variable: product_info in E:\xampp7\htdocs\ytc_templates\opencartfree\so_ladaz\system\storage\modification\catalog\controller\extension\module\latest.php on line 107
2018-04-03 7:49:54 - PHP Notice:  Undefined variable: product_info in E:\xampp7\htdocs\ytc_templates\opencartfree\so_ladaz\system\storage\modification\catalog\controller\extension\module\latest.php on line 99
2018-04-03 7:49:54 - PHP Notice:  Undefined variable: product_info in E:\xampp7\htdocs\ytc_templates\opencartfree\so_ladaz\system\storage\modification\catalog\controller\extension\module\latest.php on line 103
2018-04-03 7:49:54 - PHP Notice:  Undefined variable: product_info in E:\xampp7\htdocs\ytc_templates\opencartfree\so_ladaz\system\storage\modification\catalog\controller\extension\module\latest.php on line 106
2018-04-03 7:49:54 - PHP Notice:  Undefined variable: product_info in E:\xampp7\htdocs\ytc_templates\opencartfree\so_ladaz\system\storage\modification\catalog\controller\extension\module\latest.php on line 107
2018-04-05 3:51:41 - PHP Warning:  unlink(E:/xampp7/htdocs/ytc_templates/opencartfree/so_ladaz/system/storage/cache/cache.catalog.language.1522903901): Permission denied in E:\xampp7\htdocs\ytc_templates\opencartfree\so_ladaz\system\library\cache\file.php on line 68
2018-04-05 4:21:51 - PHP Notice:  Use of undefined constant URL_TEMPLATE - assumed 'URL_TEMPLATE' in E:\xampp7\htdocs\ytc_templates\opencartfree\so_ladaz\admin\view\template\extension\soconfig\class\soconfig.php on line 550
2018-04-05 4:21:51 - PHP Notice:  Use of undefined constant URL_TEMPLATE - assumed 'URL_TEMPLATE' in E:\xampp7\htdocs\ytc_templates\opencartfree\so_ladaz\admin\view\template\extension\soconfig\class\soconfig.php on line 551
2018-04-05 4:21:51 - PHP Warning:  filemtime(): stat failed for URL_TEMPLATEso-emarket/sass/ie9-and-up.scss in E:\xampp7\htdocs\ytc_templates\opencartfree\so_ladaz\admin\view\template\extension\soconfig\class\soconfig.php on line 553
2018-04-05 4:21:51 - PHP Warning:  filemtime(): stat failed for URL_TEMPLATEso-emarket/css/ie9-and-up.css in E:\xampp7\htdocs\ytc_templates\opencartfree\so_ladaz\admin\view\template\extension\soconfig\class\soconfig.php on line 553
2018-04-05 4:21:51 - PHP Notice:  Use of undefined constant URL_TEMPLATE - assumed 'URL_TEMPLATE' in E:\xampp7\htdocs\ytc_templates\opencartfree\so_ladaz\admin\view\template\extension\soconfig\class\soconfig.php on line 550
2018-04-05 4:21:51 - PHP Notice:  Use of undefined constant URL_TEMPLATE - assumed 'URL_TEMPLATE' in E:\xampp7\htdocs\ytc_templates\opencartfree\so_ladaz\admin\view\template\extension\soconfig\class\soconfig.php on line 551
2018-04-05 4:21:51 - PHP Warning:  filemtime(): stat failed for URL_TEMPLATEso-emarket/sass/responsive.scss in E:\xampp7\htdocs\ytc_templates\opencartfree\so_ladaz\admin\view\template\extension\soconfig\class\soconfig.php on line 553
2018-04-05 4:21:51 - PHP Warning:  filemtime(): stat failed for URL_TEMPLATEso-emarket/css/responsive.css in E:\xampp7\htdocs\ytc_templates\opencartfree\so_ladaz\admin\view\template\extension\soconfig\class\soconfig.php on line 553
2018-04-05 4:21:51 - PHP Notice:  Use of undefined constant URL_TEMPLATE - assumed 'URL_TEMPLATE' in E:\xampp7\htdocs\ytc_templates\opencartfree\so_ladaz\admin\view\template\extension\soconfig\class\soconfig.php on line 550
2018-04-05 4:21:51 - PHP Notice:  Use of undefined constant URL_TEMPLATE - assumed 'URL_TEMPLATE' in E:\xampp7\htdocs\ytc_templates\opencartfree\so_ladaz\admin\view\template\extension\soconfig\class\soconfig.php on line 551
2018-04-05 4:21:51 - PHP Warning:  filemtime(): stat failed for URL_TEMPLATEso-emarket/sass/responsive/responsive-1200px-min.scss in E:\xampp7\htdocs\ytc_templates\opencartfree\so_ladaz\admin\view\template\extension\soconfig\class\soconfig.php on line 553
2018-04-05 4:21:51 - PHP Warning:  filemtime(): stat failed for URL_TEMPLATEso-emarket/css/responsive.css in E:\xampp7\htdocs\ytc_templates\opencartfree\so_ladaz\admin\view\template\extension\soconfig\class\soconfig.php on line 553
2018-04-05 4:21:51 - PHP Notice:  Use of undefined constant URL_TEMPLATE - assumed 'URL_TEMPLATE' in E:\xampp7\htdocs\ytc_templates\opencartfree\so_ladaz\admin\view\template\extension\soconfig\class\soconfig.php on line 550
2018-04-05 4:21:51 - PHP Notice:  Use of undefined constant URL_TEMPLATE - assumed 'URL_TEMPLATE' in E:\xampp7\htdocs\ytc_templates\opencartfree\so_ladaz\admin\view\template\extension\soconfig\class\soconfig.php on line 551
2018-04-05 4:21:51 - PHP Warning:  filemtime(): stat failed for URL_TEMPLATEso-emarket/sass/responsive/responsive-992px-1199px.scss in E:\xampp7\htdocs\ytc_templates\opencartfree\so_ladaz\admin\view\template\extension\soconfig\class\soconfig.php on line 553
2018-04-05 4:21:51 - PHP Warning:  filemtime(): stat failed for URL_TEMPLATEso-emarket/css/responsive.css in E:\xampp7\htdocs\ytc_templates\opencartfree\so_ladaz\admin\view\template\extension\soconfig\class\soconfig.php on line 553
2018-04-05 4:21:51 - PHP Notice:  Use of undefined constant URL_TEMPLATE - assumed 'URL_TEMPLATE' in E:\xampp7\htdocs\ytc_templates\opencartfree\so_ladaz\admin\view\template\extension\soconfig\class\soconfig.php on line 550
2018-04-05 4:21:51 - PHP Notice:  Use of undefined constant URL_TEMPLATE - assumed 'URL_TEMPLATE' in E:\xampp7\htdocs\ytc_templates\opencartfree\so_ladaz\admin\view\template\extension\soconfig\class\soconfig.php on line 551
2018-04-05 4:21:51 - PHP Warning:  filemtime(): stat failed for URL_TEMPLATEso-emarket/sass/responsive/responsive-768px-991px.scss in E:\xampp7\htdocs\ytc_templates\opencartfree\so_ladaz\admin\view\template\extension\soconfig\class\soconfig.php on line 553
2018-04-05 4:21:51 - PHP Warning:  filemtime(): stat failed for URL_TEMPLATEso-emarket/css/responsive.css in E:\xampp7\htdocs\ytc_templates\opencartfree\so_ladaz\admin\view\template\extension\soconfig\class\soconfig.php on line 553
2018-04-05 4:21:51 - PHP Notice:  Use of undefined constant URL_TEMPLATE - assumed 'URL_TEMPLATE' in E:\xampp7\htdocs\ytc_templates\opencartfree\so_ladaz\admin\view\template\extension\soconfig\class\soconfig.php on line 550
2018-04-05 4:21:51 - PHP Notice:  Use of undefined constant URL_TEMPLATE - assumed 'URL_TEMPLATE' in E:\xampp7\htdocs\ytc_templates\opencartfree\so_ladaz\admin\view\template\extension\soconfig\class\soconfig.php on line 551
2018-04-05 4:21:51 - PHP Warning:  filemtime(): stat failed for URL_TEMPLATEso-emarket/sass/responsive/responsive-767px-max.scss in E:\xampp7\htdocs\ytc_templates\opencartfree\so_ladaz\admin\view\template\extension\soconfig\class\soconfig.php on line 553
2018-04-05 4:21:51 - PHP Warning:  filemtime(): stat failed for URL_TEMPLATEso-emarket/css/responsive.css in E:\xampp7\htdocs\ytc_templates\opencartfree\so_ladaz\admin\view\template\extension\soconfig\class\soconfig.php on line 553
2018-04-05 4:21:51 - PHP Notice:  Use of undefined constant URL_TEMPLATE - assumed 'URL_TEMPLATE' in E:\xampp7\htdocs\ytc_templates\opencartfree\so_ladaz\admin\view\template\extension\soconfig\class\soconfig.php on line 550
2018-04-05 4:21:51 - PHP Notice:  Use of undefined constant URL_TEMPLATE - assumed 'URL_TEMPLATE' in E:\xampp7\htdocs\ytc_templates\opencartfree\so_ladaz\admin\view\template\extension\soconfig\class\soconfig.php on line 551
2018-04-05 4:21:51 - PHP Warning:  filemtime(): stat failed for URL_TEMPLATEso-emarket/sass/responsive/responsive-479px-max.scss in E:\xampp7\htdocs\ytc_templates\opencartfree\so_ladaz\admin\view\template\extension\soconfig\class\soconfig.php on line 553
2018-04-05 4:21:51 - PHP Warning:  filemtime(): stat failed for URL_TEMPLATEso-emarket/css/responsive.css in E:\xampp7\htdocs\ytc_templates\opencartfree\so_ladaz\admin\view\template\extension\soconfig\class\soconfig.php on line 553
2018-04-09 7:45:37 - PHP Warning:  rmdir(E:/xampp7/htdocs/ytc_templates/opencartfree/so_ladaz/system/storage/cache/so): Directory not empty in E:\xampp7\htdocs\ytc_templates\opencartfree\so_ladaz\admin\controller\common\developer.php on line 70
2020-04-29 10:10:35 - PHP Warning:  count(): Parameter must be an array or an object that implements Countable in C:\xampp\htdocs\saveusalot\catalog\controller\extension\module\so_latest_blog.php on line 190
2020-04-29 10:11:48 - PHP Warning:  count(): Parameter must be an array or an object that implements Countable in C:\xampp\htdocs\saveusalot\catalog\controller\extension\module\so_latest_blog.php on line 190
2020-04-29 10:12:39 - PHP Warning:  count(): Parameter must be an array or an object that implements Countable in C:\xampp\htdocs\saveusalot\catalog\controller\extension\module\so_latest_blog.php on line 190
2020-04-29 10:14:55 - PHP Warning:  count(): Parameter must be an array or an object that implements Countable in C:\xampp\htdocs\saveusalot\catalog\controller\extension\module\so_latest_blog.php on line 190
2020-04-29 10:23:49 - PHP Warning:  count(): Parameter must be an array or an object that implements Countable in C:\xampp\htdocs\saveusalot\catalog\controller\extension\module\so_latest_blog.php on line 190
2020-04-29 10:24:21 - PHP Warning:  count(): Parameter must be an array or an object that implements Countable in C:\xampp\htdocs\saveusalot\catalog\controller\extension\module\so_latest_blog.php on line 190
2020-04-29 10:25:01 - PHP Warning:  count(): Parameter must be an array or an object that implements Countable in C:\xampp\htdocs\saveusalot\catalog\controller\extension\module\so_latest_blog.php on line 190
2020-04-29 10:25:25 - PHP Warning:  count(): Parameter must be an array or an object that implements Countable in C:\xampp\htdocs\saveusalot\catalog\controller\extension\module\so_latest_blog.php on line 190
2020-04-29 10:47:49 - PHP Notice:  Undefined index: name in C:\xampp\htdocs\saveusalot\admin\controller\extension\module\so_html_content.php on line 156
2020-04-29 10:47:49 - PHP Notice:  Undefined index: name in C:\xampp\htdocs\saveusalot\admin\controller\extension\module\so_html_content.php on line 156
2020-04-30 5:41:29 - PHP Warning:  fopen(C:/xampp/htdocs/saveusalot/storage/cache/cache.catalog.language.1588228889): failed to open stream: Permission denied in C:\xampp\htdocs\saveusalot\system\library\cache\file.php on line 49
2020-04-30 5:41:29 - PHP Warning:  flock() expects parameter 1 to be resource, bool given in C:\xampp\htdocs\saveusalot\system\library\cache\file.php on line 51
2020-04-30 5:41:29 - PHP Warning:  fwrite() expects parameter 1 to be resource, bool given in C:\xampp\htdocs\saveusalot\system\library\cache\file.php on line 53
2020-04-30 5:41:29 - PHP Warning:  fflush() expects parameter 1 to be resource, bool given in C:\xampp\htdocs\saveusalot\system\library\cache\file.php on line 55
2020-04-30 5:41:29 - PHP Warning:  flock() expects parameter 1 to be resource, bool given in C:\xampp\htdocs\saveusalot\system\library\cache\file.php on line 57
2020-04-30 5:41:29 - PHP Warning:  fclose() expects parameter 1 to be resource, bool given in C:\xampp\htdocs\saveusalot\system\library\cache\file.php on line 59
2020-04-30 6:07:08 - PHP Warning:  fsockopen(): unable to connect to :25 (A connection attempt failed because the connected party did not properly respond after a period of time, or established connection failed because connected host has failed to respond.
) in C:\xampp\htdocs\saveusalot\system\library\mail\smtp.php on line 87
2020-04-30 13:02:13 - PHP Notice:  Undefined index: path in C:\xampp\htdocs\saveusalot\admin\controller\extension\module\so_basic_products.php on line 122
2020-04-30 13:02:13 - PHP Notice:  Undefined index: name in C:\xampp\htdocs\saveusalot\admin\controller\extension\module\so_basic_products.php on line 122
2020-04-30 13:02:13 - PHP Notice:  Undefined index: path in C:\xampp\htdocs\saveusalot\admin\controller\extension\module\so_basic_products.php on line 122
2020-04-30 13:02:13 - PHP Notice:  Undefined index: name in C:\xampp\htdocs\saveusalot\admin\controller\extension\module\so_basic_products.php on line 122
2020-04-30 13:02:13 - PHP Notice:  Undefined index: path in C:\xampp\htdocs\saveusalot\admin\controller\extension\module\so_basic_products.php on line 122
2020-04-30 13:02:13 - PHP Notice:  Undefined index: name in C:\xampp\htdocs\saveusalot\admin\controller\extension\module\so_basic_products.php on line 122
2020-04-30 13:02:13 - PHP Notice:  Undefined index: path in C:\xampp\htdocs\saveusalot\admin\controller\extension\module\so_basic_products.php on line 122
2020-04-30 13:02:13 - PHP Notice:  Undefined index: name in C:\xampp\htdocs\saveusalot\admin\controller\extension\module\so_basic_products.php on line 122
2020-05-01 4:14:26 - PHP Notice:  Undefined index: path in C:\xampp\htdocs\saveusalot\admin\controller\extension\module\so_basic_products.php on line 122
2020-05-01 4:14:26 - PHP Notice:  Undefined index: name in C:\xampp\htdocs\saveusalot\admin\controller\extension\module\so_basic_products.php on line 122
2020-05-01 4:14:26 - PHP Notice:  Undefined index: path in C:\xampp\htdocs\saveusalot\admin\controller\extension\module\so_basic_products.php on line 122
2020-05-01 4:14:26 - PHP Notice:  Undefined index: name in C:\xampp\htdocs\saveusalot\admin\controller\extension\module\so_basic_products.php on line 122
2020-05-01 4:14:26 - PHP Notice:  Undefined index: path in C:\xampp\htdocs\saveusalot\admin\controller\extension\module\so_basic_products.php on line 122
2020-05-01 4:14:26 - PHP Notice:  Undefined index: name in C:\xampp\htdocs\saveusalot\admin\controller\extension\module\so_basic_products.php on line 122
2020-05-01 4:14:26 - PHP Notice:  Undefined index: path in C:\xampp\htdocs\saveusalot\admin\controller\extension\module\so_basic_products.php on line 122
2020-05-01 4:14:26 - PHP Notice:  Undefined index: name in C:\xampp\htdocs\saveusalot\admin\controller\extension\module\so_basic_products.php on line 122
